TN:
SF:app.js
FN:32,(anonymous_0)
FN:37,(anonymous_1)
FNF:2
FNH:2
FNDA:2,(anonymous_0)
FNDA:55,(anonymous_1)
DA:5,5
DA:6,5
DA:8,5
DA:10,5
DA:11,5
DA:12,5
DA:13,5
DA:14,5
DA:16,5
DA:18,5
DA:20,5
DA:21,5
DA:22,5
DA:23,5
DA:25,5
DA:26,5
DA:27,5
DA:28,5
DA:32,5
DA:33,2
DA:37,5
DA:38,55
DA:39,55
DA:40,55
DA:42,55
DA:47,5
LF:26
LH:26
BRDA:38,0,0,1
BRDA:38,0,1,54
BRDA:39,1,0,55
BRDA:39,1,1,1
BRF:4
BRH:4
end_of_record
TN:
SF:config.js
FN:13,getDatabaseUri
FNF:1
FNH:1
FNDA:22,getDatabaseUri
DA:5,11
DA:6,11
DA:8,11
DA:10,11
DA:14,22
DA:22,11
DA:24,11
DA:25,11
DA:26,11
DA:27,11
DA:28,11
DA:29,11
DA:31,11
LF:13
LH:13
BRDA:8,0,0,11
BRDA:8,0,1,10
BRDA:10,1,0,11
BRDA:10,1,1,10
BRDA:14,2,0,19
BRDA:14,2,1,3
BRDA:16,3,0,3
BRDA:16,3,1,1
BRDA:22,4,0,10
BRDA:22,4,1,1
BRF:10
BRH:10
end_of_record
TN:
SF:db.js
FNF:0
FNH:0
DA:5,8
DA:6,8
DA:8,8
DA:12,8
DA:14,8
LF:5
LH:5
BRF:0
BRH:0
end_of_record
TN:
SF:expressError.js
FN:8,(anonymous_0)
FN:18,(anonymous_1)
FN:26,(anonymous_2)
FN:34,(anonymous_3)
FN:42,(anonymous_4)
FNF:5
FNH:4
FNDA:78,(anonymous_0)
FNDA:24,(anonymous_1)
FNDA:30,(anonymous_2)
FNDA:24,(anonymous_3)
FNDA:0,(anonymous_4)
DA:9,78
DA:10,78
DA:11,78
DA:19,24
DA:27,30
DA:35,24
DA:43,0
DA:47,10
LF:8
LH:7
BRDA:18,0,0,2
BRDA:26,1,0,26
BRDA:34,2,0,0
BRDA:42,3,0,0
BRF:4
BRH:2
end_of_record
TN:
SF:helpers/sql.js
FN:20,sqlForPartialUpdate
FN:25,(anonymous_1)
FNF:2
FNH:2
FNDA:20,sqlForPartialUpdate
FNDA:32,(anonymous_1)
DA:1,9
DA:21,20
DA:22,20
DA:25,17
DA:26,32
DA:29,17
DA:35,9
LF:7
LH:7
BRDA:22,0,0,3
BRDA:22,0,1,17
BRDA:26,1,0,32
BRDA:26,1,1,17
BRF:4
BRH:4
end_of_record
TN:
SF:helpers/tokens.js
FN:6,createToken
FNF:1
FNH:1
FNDA:19,createToken
DA:1,6
DA:2,6
DA:7,19
DA:10,19
DA:15,19
DA:18,6
LF:6
LH:6
BRDA:12,0,0,19
BRDA:12,0,1,13
BRF:2
BRH:2
end_of_record
TN:
SF:middleware/auth.js
FN:18,authenticateJWT
FN:36,ensureLoggedIn
FN:51,ensureAdmin
FN:68,ensureCorrectUserOrAdmin
FNF:4
FNH:4
FNDA:87,authenticateJWT
FNDA:2,ensureLoggedIn
FNDA:40,ensureAdmin
FNDA:28,ensureCorrectUserOrAdmin
DA:5,6
DA:6,6
DA:7,6
DA:19,87
DA:20,87
DA:21,87
DA:22,54
DA:23,54
DA:25,86
DA:27,1
DA:37,2
DA:38,2
DA:39,1
DA:41,1
DA:52,40
DA:53,40
DA:54,15
DA:56,25
DA:58,15
DA:69,28
DA:70,28
DA:71,28
DA:72,10
DA:74,18
DA:76,10
DA:81,6
LF:26
LH:26
BRDA:20,0,0,87
BRDA:20,0,1,86
BRDA:21,1,0,54
BRDA:21,1,1,33
BRDA:38,2,0,1
BRDA:38,2,1,1
BRDA:53,3,0,15
BRDA:53,3,1,25
BRDA:53,4,0,40
BRDA:53,4,1,34
BRDA:71,5,0,10
BRDA:71,5,1,18
BRDA:71,6,0,28
BRDA:71,6,1,23
BRDA:71,6,2,10
BRF:15
BRH:15
end_of_record
TN:
SF:models/_testCommon.js
FN:8,commonBeforeAll
FN:27,(anonymous_1)
FN:49,commonBeforeEach
FN:53,commonAfterEach
FN:57,commonAfterAll
FNF:5
FNH:5
FNDA:3,commonBeforeAll
FNDA:12,(anonymous_1)
FNDA:48,commonBeforeEach
FNDA:48,commonAfterEach
FNDA:3,commonAfterAll
DA:1,3
DA:3,3
DA:4,3
DA:6,3
DA:10,3
DA:12,3
DA:14,3
DA:20,3
DA:27,12
DA:29,3
DA:43,3
DA:50,48
DA:54,48
DA:58,3
DA:62,3
LF:15
LH:15
BRF:0
BRH:0
end_of_record
TN:
SF:models/company.js
FN:19,(anonymous_0)
FN:57,(anonymous_1)
FN:110,(anonymous_2)
FN:150,(anonymous_3)
FN:180,(anonymous_4)
FNF:5
FNH:5
FNDA:16,(anonymous_0)
FNDA:10,(anonymous_1)
FNDA:5,(anonymous_2)
FNDA:6,(anonymous_3)
FNDA:4,(anonymous_4)
DA:3,6
DA:4,6
DA:5,6
DA:20,16
DA:26,16
DA:27,1
DA:29,15
DA:42,15
DA:44,15
DA:58,10
DA:64,10
DA:65,10
DA:67,10
DA:69,10
DA:70,1
DA:76,9
DA:77,4
DA:78,4
DA:81,9
DA:82,3
DA:83,3
DA:86,9
DA:87,3
DA:88,3
DA:91,9
DA:92,7
DA:97,9
DA:98,9
DA:99,9
DA:111,5
DA:121,5
DA:123,5
DA:125,3
DA:133,3
DA:135,3
DA:151,6
DA:157,5
DA:159,5
DA:167,5
DA:168,5
DA:170,5
DA:172,3
DA:181,4
DA:187,4
DA:189,4
DA:194,6
LF:46
LH:46
BRDA:26,0,0,1
BRDA:26,0,1,15
BRDA:57,1,0,1
BRDA:69,2,0,1
BRDA:69,2,1,9
BRDA:76,3,0,4
BRDA:76,3,1,5
BRDA:81,4,0,3
BRDA:81,4,1,6
BRDA:86,5,0,3
BRDA:86,5,1,6
BRDA:91,6,0,7
BRDA:91,6,1,2
BRDA:123,7,0,2
BRDA:123,7,1,3
BRDA:170,8,0,2
BRDA:170,8,1,3
BRDA:189,9,0,2
BRDA:189,9,1,2
BRF:19
BRH:19
end_of_record
TN:
SF:models/job.js
FN:18,(anonymous_0)
FN:47,(anonymous_1)
FN:95,(anonymous_2)
FN:136,(anonymous_3)
FN:163,(anonymous_4)
FNF:5
FNH:5
FNDA:14,(anonymous_0)
FNDA:8,(anonymous_1)
FNDA:4,(anonymous_2)
FNDA:4,(anonymous_3)
FNDA:4,(anonymous_4)
DA:3,6
DA:4,6
DA:5,6
DA:19,14
DA:32,14
DA:34,14
DA:48,8
DA:56,8
DA:57,8
DA:62,8
DA:63,3
DA:64,3
DA:67,8
DA:68,3
DA:71,8
DA:72,2
DA:73,2
DA:76,8
DA:77,6
DA:82,8
DA:83,8
DA:84,8
DA:96,4
DA:105,4
DA:107,4
DA:109,2
DA:118,2
DA:119,2
DA:121,2
DA:137,4
DA:140,3
DA:142,3
DA:150,3
DA:151,3
DA:153,3
DA:155,2
DA:164,4
DA:169,4
DA:171,4
DA:175,6
LF:40
LH:40
BRDA:47,0,0,1
BRDA:62,1,0,3
BRDA:62,1,1,5
BRDA:67,2,0,3
BRDA:67,2,1,5
BRDA:71,3,0,2
BRDA:71,3,1,6
BRDA:76,4,0,6
BRDA:76,4,1,2
BRDA:107,5,0,2
BRDA:107,5,1,2
BRDA:153,6,0,1
BRDA:153,6,1,2
BRDA:171,7,0,2
BRDA:171,7,1,2
BRF:15
BRH:15
end_of_record
TN:
SF:models/user.js
FN:24,(anonymous_0)
FN:59,(anonymous_1)
FN:104,(anonymous_2)
FN:126,(anonymous_3)
FN:147,(anonymous_4)
FN:168,(anonymous_5)
FN:201,(anonymous_6)
FN:220,(anonymous_7)
FNF:8
FNH:8
FNDA:7,(anonymous_0)
FNDA:19,(anonymous_1)
FNDA:3,(anonymous_2)
FNDA:5,(anonymous_3)
FNDA:3,(anonymous_4)
FNDA:8,(anonymous_5)
FNDA:5,(anonymous_6)
FNDA:12,(anonymous_7)
DA:3,6
DA:4,6
DA:5,6
DA:10,6
DA:12,6
DA:26,7
DA:38,7
DA:40,7
DA:42,4
DA:43,4
DA:44,3
DA:45,3
DA:49,4
DA:61,19
DA:68,19
DA:69,1
DA:72,18
DA:74,18
DA:94,18
DA:96,18
DA:105,3
DA:115,2
DA:127,5
DA:138,5
DA:140,5
DA:142,3
DA:147,3
DA:148,3
DA:169,8
DA:170,2
DA:173,8
DA:180,7
DA:182,7
DA:190,7
DA:191,7
DA:193,7
DA:195,5
DA:196,5
DA:202,5
DA:209,5
DA:211,5
DA:221,12
DA:225,12
DA:227,12
DA:229,9
DA:233,9
DA:235,9
DA:237,7
DA:245,6
LF:49
LH:49
BRDA:40,0,0,4
BRDA:40,0,1,3
BRDA:43,1,0,3
BRDA:43,1,1,1
BRDA:68,2,0,1
BRDA:68,2,1,18
BRDA:140,3,0,2
BRDA:140,3,1,3
BRDA:169,4,0,2
BRDA:169,4,1,6
BRDA:193,5,0,2
BRDA:193,5,1,5
BRDA:211,6,0,2
BRDA:211,6,1,3
BRDA:227,7,0,3
BRDA:227,7,1,9
BRDA:235,8,0,2
BRDA:235,8,1,7
BRF:18
BRH:18
end_of_record
TN:
SF:routes/_testCommon.js
FN:11,commonBeforeAll
FN:77,commonBeforeEach
FN:81,commonAfterEach
FN:85,commonAfterAll
FNF:4
FNH:4
FNDA:4,commonBeforeAll
FNDA:82,commonBeforeEach
FNDA:82,commonAfterEach
FNDA:4,commonAfterAll
DA:3,4
DA:4,4
DA:5,4
DA:6,4
DA:7,4
DA:9,4
DA:13,4
DA:15,4
DA:17,4
DA:25,4
DA:33,4
DA:42,4
DA:44,4
DA:46,4
DA:49,4
DA:57,4
DA:65,4
DA:74,4
DA:78,82
DA:82,82
DA:86,4
DA:90,4
DA:91,4
DA:92,4
DA:95,4
LF:25
LH:25
BRF:0
BRH:0
end_of_record
TN:
SF:routes/auth.js
FN:22,(anonymous_0)
FN:26,(anonymous_1)
FN:49,(anonymous_2)
FN:53,(anonymous_3)
FNF:4
FNH:4
FNDA:5,(anonymous_0)
FNDA:2,(anonymous_1)
FNDA:3,(anonymous_2)
FNDA:5,(anonymous_3)
DA:5,5
DA:7,5
DA:8,5
DA:9,5
DA:10,5
DA:11,5
DA:12,5
DA:13,5
DA:22,5
DA:23,5
DA:24,5
DA:25,5
DA:26,2
DA:27,2
DA:30,3
DA:31,3
DA:32,1
DA:33,1
DA:35,4
DA:49,5
DA:50,3
DA:51,3
DA:52,3
DA:53,5
DA:54,2
DA:57,1
DA:58,1
DA:59,1
DA:61,2
DA:66,5
LF:30
LH:30
BRDA:25,0,0,2
BRDA:25,0,1,3
BRDA:52,1,0,2
BRDA:52,1,1,1
BRF:4
BRH:4
end_of_record
TN:
SF:routes/companies.js
FN:28,(anonymous_0)
FN:32,(anonymous_1)
FN:54,(anonymous_2)
FN:63,(anonymous_3)
FN:82,(anonymous_4)
FN:102,(anonymous_5)
FN:106,(anonymous_6)
FN:122,(anonymous_7)
FNF:8
FNH:8
FNDA:3,(anonymous_0)
FNDA:3,(anonymous_1)
FNDA:4,(anonymous_2)
FNDA:1,(anonymous_3)
FNDA:3,(anonymous_4)
FNDA:4,(anonymous_5)
FNDA:2,(anonymous_6)
FNDA:2,(anonymous_7)
DA:5,5
DA:6,5
DA:8,5
DA:9,5
DA:10,5
DA:12,5
DA:13,5
DA:14,5
DA:16,5
DA:28,5
DA:29,3
DA:30,3
DA:31,3
DA:32,3
DA:33,2
DA:36,1
DA:37,1
DA:39,2
DA:54,5
DA:55,4
DA:57,4
DA:58,4
DA:60,4
DA:61,4
DA:62,4
DA:63,1
DA:64,1
DA:67,3
DA:68,3
DA:70,1
DA:82,5
DA:83,3
DA:84,3
DA:85,2
DA:87,1
DA:102,5
DA:103,4
DA:104,4
DA:105,4
DA:106,2
DA:107,2
DA:110,2
DA:111,1
DA:113,3
DA:122,5
DA:123,2
DA:124,2
DA:125,1
DA:127,1
DA:132,5
LF:50
LH:50
BRDA:31,0,0,2
BRDA:31,0,1,1
BRDA:57,1,0,3
BRDA:57,1,1,1
BRDA:58,2,0,1
BRDA:58,2,1,3
BRDA:62,3,0,1
BRDA:62,3,1,3
BRDA:105,4,0,2
BRDA:105,4,1,2
BRF:10
BRH:10
end_of_record
TN:
SF:routes/jobs.js
FN:27,(anonymous_0)
FN:31,(anonymous_1)
FN:53,(anonymous_2)
FN:62,(anonymous_3)
FN:81,(anonymous_4)
FN:100,(anonymous_5)
FN:104,(anonymous_6)
FN:120,(anonymous_7)
FNF:8
FNH:8
FNDA:3,(anonymous_0)
FNDA:2,(anonymous_1)
FNDA:4,(anonymous_2)
FNDA:1,(anonymous_3)
FNDA:2,(anonymous_4)
FNDA:4,(anonymous_5)
FNDA:6,(anonymous_6)
FNDA:2,(anonymous_7)
DA:5,5
DA:7,5
DA:8,5
DA:9,5
DA:10,5
DA:11,5
DA:12,5
DA:13,5
DA:15,5
DA:27,5
DA:28,3
DA:29,3
DA:30,3
DA:31,2
DA:32,2
DA:35,1
DA:36,1
DA:38,2
DA:53,5
DA:54,4
DA:56,4
DA:57,4
DA:59,4
DA:60,4
DA:61,4
DA:62,1
DA:63,1
DA:66,3
DA:67,3
DA:69,1
DA:81,5
DA:82,2
DA:83,2
DA:84,1
DA:86,1
DA:100,5
DA:101,4
DA:102,4
DA:103,4
DA:104,6
DA:105,3
DA:108,1
DA:109,1
DA:111,3
DA:120,5
DA:121,2
DA:122,2
DA:123,1
DA:125,1
DA:130,5
LF:50
LH:50
BRDA:30,0,0,2
BRDA:30,0,1,1
BRDA:56,1,0,2
BRDA:56,1,1,2
BRDA:61,2,0,1
BRDA:61,2,1,3
BRDA:103,3,0,3
BRDA:103,3,1,1
BRF:8
BRH:8
end_of_record
TN:
SF:routes/users.js
FN:30,(anonymous_0)
FN:34,(anonymous_1)
FN:54,(anonymous_2)
FN:72,(anonymous_3)
FN:92,(anonymous_4)
FN:96,(anonymous_5)
FN:113,(anonymous_6)
FN:130,(anonymous_7)
FNF:8
FNH:8
FNDA:4,(anonymous_0)
FNDA:5,(anonymous_1)
FNDA:2,(anonymous_2)
FNDA:3,(anonymous_3)
FNDA:5,(anonymous_4)
FNDA:1,(anonymous_5)
FNDA:3,(anonymous_6)
FNDA:5,(anonymous_7)
DA:5,5
DA:7,5
DA:8,5
DA:9,5
DA:10,5
DA:11,5
DA:12,5
DA:13,5
DA:15,5
DA:30,5
DA:31,4
DA:32,4
DA:33,4
DA:34,5
DA:35,2
DA:38,2
DA:39,2
DA:40,2
DA:42,2
DA:54,5
DA:55,2
DA:56,2
DA:57,1
DA:59,1
DA:72,5
DA:73,3
DA:74,3
DA:75,2
DA:77,1
DA:92,5
DA:93,5
DA:94,5
DA:95,5
DA:96,1
DA:97,1
DA:100,4
DA:101,3
DA:103,2
DA:113,5
DA:114,3
DA:115,3
DA:116,2
DA:118,1
DA:130,5
DA:131,5
DA:132,5
DA:133,5
DA:134,2
DA:136,3
DA:141,5
LF:50
LH:50
BRDA:33,0,0,2
BRDA:33,0,1,2
BRDA:95,1,0,1
BRDA:95,1,1,4
BRF:4
BRH:4
end_of_record
